{"time":"2025-11-05T19:12:12.391Z","method":"GET","url":"/","ip":"::1"}
{"time":"2025-11-05T19:12:12.404Z","method":"GET","url":"/styles/custom.css","ip":"::1"}
{"time":"2025-11-05T19:14:51.433Z","method":"GET","url":"/","ip":"::1"}
{"time":"2025-11-05T19:14:51.462Z","method":"GET","url":"/styles/custom.css","ip":"::1"}
{"time":"2025-11-06T08:51:32.431Z","method":"GET","url":"/","ip":"::1"}
{"time":"2025-11-06T08:51:32.438Z","method":"GET","url":"/styles/custom.css","ip":"::1"}
{"time":"2025-11-06T08:52:07.608Z","method":"GET","url":"/","ip":"::1"}
{"time":"2025-11-06T08:52:30.514Z","method":"GET","url":"/","ip":"::1"}
{"time":"2025-11-06T08:53:15.349Z","method":"GET","url":"/","ip":"::1"}
{"time":"2025-11-06T08:53:15.355Z","method":"GET","url":"/styles/custom.css","ip":"::1"}
{"time":"2025-11-06T08:53:17.543Z","method":"GET","url":"/","ip":"::1"}
{"time":"2025-11-06T08:53:17.546Z","method":"GET","url":"/styles/custom.css","ip":"::1"}
{"time":"2025-11-06T08:53:19.828Z","method":"GET","url":"/admin","ip":"::1"}
{"time":"2025-11-06T08:55:04.028Z","method":"GET","url":"/admin","ip":"::1"}
{"time":"2025-11-06T08:55:04.063Z","method":"GET","url":"/styles/custom.css","ip":"::1"}
{"time":"2025-11-06T08:55:09.040Z","method":"GET","url":"/admin","ip":"::1"}
{"time":"2025-11-06T08:55:09.055Z","method":"GET","url":"/styles/custom.css","ip":"::1"}
{"time":"2025-11-06T08:55:10.265Z","method":"GET","url":"/","ip":"::1"}
{"time":"2025-11-06T08:55:10.270Z","method":"GET","url":"/styles/custom.css","ip":"::1"}
{"time":"2025-11-06T08:55:10.279Z","method":"GET","url":"/styles/custom.css","ip":"::1"}
{"time":"2025-11-06T08:55:15.678Z","method":"GET","url":"/","ip":"::1"}
{"time":"2025-11-06T08:55:15.691Z","method":"GET","url":"/styles/custom.css","ip":"::1"}
{"time":"2025-11-06T08:55:16.271Z","method":"GET","url":"/admin","ip":"::1"}
{"time":"2025-11-06T08:55:16.288Z","method":"GET","url":"/styles/custom.css","ip":"::1"}
{"time":"2025-11-06T08:59:07.320Z","method":"GET","url":"/admin","ip":"::1"}
{"time":"2025-11-06T08:59:49.033Z","method":"GET","url":"/admin","ip":"::1"}
{"time":"2025-11-06T08:59:49.065Z","method":"GET","url":"/styles/custom.css","ip":"::1"}
{"time":"2025-11-06T09:03:20.737Z","method":"GET","url":"/admin","ip":"::1"}
{"time":"2025-11-06T09:03:20.774Z","method":"GET","url":"/styles/custom.css","ip":"::1"}
{"time":"2025-11-06T09:03:30.801Z","method":"GET","url":"/admin","ip":"::1"}
{"time":"2025-11-06T09:03:30.816Z","method":"GET","url":"/styles/custom.css","ip":"::1"}
{"time":"2025-11-06T09:03:31.225Z","method":"GET","url":"/","ip":"::1"}
{"time":"2025-11-06T09:03:31.239Z","method":"GET","url":"/styles/custom.css","ip":"::1"}
{"time":"2025-11-06T09:05:07.928Z","method":"GET","url":"/","ip":"::1"}
{"time":"2025-11-06T09:05:07.964Z","method":"GET","url":"/styles/custom.css","ip":"::1"}
{"time":"2025-11-06T09:05:25.583Z","method":"GET","url":"/","ip":"::1"}
{"time":"2025-11-06T09:05:25.599Z","method":"GET","url":"/styles/custom.css","ip":"::1"}
{"time":"2025-11-06T09:05:26.104Z","method":"GET","url":"/admin","ip":"::1"}
{"time":"2025-11-06T09:05:26.122Z","method":"GET","url":"/styles/custom.css","ip":"::1"}
{"time":"2025-11-06T10:11:38.658Z","method":"GET","url":"/admin","ip":"::1"}
{"time":"2025-11-06T10:11:38.693Z","method":"GET","url":"/apple-touch-icon-precomposed.png","ip":"::1"}
{"time":"2025-11-06T10:11:38.762Z","method":"GET","url":"/apple-touch-icon.png","ip":"::1"}
{"time":"2025-11-06T10:13:26.922Z","method":"GET","url":"/admin","ip":"::1"}
{"time":"2025-11-06T10:13:26.963Z","method":"GET","url":"/styles/custom.css","ip":"::1"}
{"time":"2025-11-06T10:18:31.972Z","method":"GET","url":"/admin","ip":"::1"}
{"time":"2025-11-06T10:18:32.007Z","method":"GET","url":"/styles/custom.css","ip":"::1"}
{"time":"2025-11-06T10:20:15.112Z","method":"GET","url":"/admin","ip":"::1"}
{"time":"2025-11-06T10:20:15.148Z","method":"GET","url":"/styles/custom.css","ip":"::1"}
{"time":"2025-11-06T10:22:24.924Z","method":"GET","url":"/admin","ip":"::1"}
{"time":"2025-11-06T10:22:24.958Z","method":"GET","url":"/styles/custom.css","ip":"::1"}
{"time":"2025-11-06T10:24:03.221Z","method":"GET","url":"/admin","ip":"::1"}
{"time":"2025-11-06T10:24:03.253Z","method":"GET","url":"/styles/custom.css","ip":"::1"}
{"time":"2025-11-06T10:25:45.596Z","method":"GET","url":"/admin","ip":"::1"}
{"time":"2025-11-06T10:25:45.628Z","method":"GET","url":"/styles/custom.css","ip":"::1"}
{"time":"2025-11-06T10:26:34.281Z","method":"GET","url":"/admin","ip":"::1"}
{"time":"2025-11-06T10:26:34.315Z","method":"GET","url":"/styles/custom.css","ip":"::1"}
{"time":"2025-11-06T10:29:58.245Z","method":"GET","url":"/admin","ip":"::1"}
{"time":"2025-11-06T10:29:58.268Z","method":"GET","url":"/styles/custom.css","ip":"::1"}
{"time":"2025-11-06T10:32:06.694Z","method":"GET","url":"/admin","ip":"::1"}
{"time":"2025-11-06T10:32:06.727Z","method":"GET","url":"/styles/custom.css","ip":"::1"}
{"time":"2025-11-06T10:33:53.379Z","method":"GET","url":"/admin","ip":"::1"}
{"time":"2025-11-06T10:33:53.411Z","method":"GET","url":"/styles/custom.css","ip":"::1"}
{"time":"2025-11-06T10:34:57.678Z","method":"GET","url":"/admin","ip":"::1"}
{"time":"2025-11-06T10:34:57.711Z","method":"GET","url":"/styles/custom.css","ip":"::1"}
{"time":"2025-11-06T10:37:19.940Z","method":"GET","url":"/admin","ip":"::1"}
{"time":"2025-11-06T10:37:19.984Z","method":"GET","url":"/styles/custom.css","ip":"::1"}
{"time":"2025-11-06T10:38:17.630Z","method":"GET","url":"/admin","ip":"::1"}
{"time":"2025-11-06T10:38:17.669Z","method":"GET","url":"/styles/custom.css","ip":"::1"}
{"time":"2025-11-07T06:41:18.993Z","method":"GET","url":"/","ip":"::1"}
{"time":"2025-11-07T06:41:19.002Z","method":"GET","url":"/styles/custom.css","ip":"::1"}
{"time":"2025-11-07T06:41:27.405Z","method":"GET","url":"/","ip":"::1"}
{"time":"2025-11-07T06:41:27.420Z","method":"GET","url":"/styles/custom.css","ip":"::1"}
{"time":"2025-11-07T06:41:27.772Z","method":"GET","url":"/admin","ip":"::1"}
{"time":"2025-11-07T06:41:27.797Z","method":"GET","url":"/styles/custom.css","ip":"::1"}
{"time":"2025-11-07T06:41:28.517Z","method":"GET","url":"/admin","ip":"::1"}
{"time":"2025-11-07T06:41:28.538Z","method":"GET","url":"/styles/custom.css","ip":"::1"}
{"time":"2025-11-07T07:58:16.933Z","method":"GET","url":"/admin","ip":"::1"}
{"time":"2025-11-07T07:58:16.967Z","method":"GET","url":"/styles/custom.css","ip":"::1"}
{"time":"2025-11-07T09:07:19.149Z","method":"GET","url":"/admin","ip":"::1"}
{"time":"2025-11-07T09:08:15.644Z","method":"GET","url":"/admin","ip":"::1"}
{"time":"2025-11-07T09:08:15.691Z","method":"GET","url":"/styles/custom.css","ip":"::1"}
{"time":"2025-11-07T09:09:58.395Z","method":"GET","url":"/admin","ip":"::1"}
{"time":"2025-11-07T09:09:58.430Z","method":"GET","url":"/styles/custom.css","ip":"::1"}
{"time":"2025-11-07T09:14:17.833Z","method":"GET","url":"/admin","ip":"::1"}
{"time":"2025-11-07T09:14:17.864Z","method":"GET","url":"/styles/custom.css","ip":"::1"}
{"time":"2025-11-07T10:54:17.177Z","method":"GET","url":"/admin","ip":"::1"}
{"time":"2025-11-07T10:54:17.219Z","method":"GET","url":"/js/admin.js","ip":"::1"}
{"time":"2025-11-07T10:54:17.222Z","method":"GET","url":"/styles/custom.css","ip":"::1"}
{"time":"2025-11-07T10:56:35.220Z","method":"GET","url":"/admin","ip":"::1"}
{"time":"2025-11-07T10:56:35.254Z","method":"GET","url":"/styles/custom.css","ip":"::1"}
{"time":"2025-11-07T10:56:35.256Z","method":"GET","url":"/js/admin.js","ip":"::1"}
{"time":"2025-11-07T10:56:36.462Z","method":"GET","url":"/admin","ip":"::1"}
{"time":"2025-11-07T10:56:36.480Z","method":"GET","url":"/js/admin.js","ip":"::1"}
{"time":"2025-11-07T10:56:36.480Z","method":"GET","url":"/styles/custom.css","ip":"::1"}
{"time":"2025-11-07T10:58:26.676Z","method":"GET","url":"/admin","ip":"::1"}
{"time":"2025-11-07T10:58:26.714Z","method":"GET","url":"/styles/custom.css","ip":"::1"}
{"time":"2025-11-07T10:58:26.716Z","method":"GET","url":"/js/admin.js","ip":"::1"}
{"time":"2025-11-07T10:59:30.091Z","method":"GET","url":"/admin","ip":"::1"}
{"time":"2025-11-07T10:59:30.130Z","method":"GET","url":"/styles/custom.css","ip":"::1"}
{"time":"2025-11-07T10:59:30.132Z","method":"GET","url":"/js/admin.js","ip":"::1"}
{"time":"2025-11-07T11:00:29.484Z","method":"GET","url":"/admin","ip":"::1"}
{"time":"2025-11-07T11:00:29.513Z","method":"GET","url":"/styles/custom.css","ip":"::1"}
{"time":"2025-11-07T11:00:29.515Z","method":"GET","url":"/js/admin.js","ip":"::1"}
{"time":"2025-11-07T11:02:03.446Z","method":"GET","url":"/admin","ip":"::1"}
{"time":"2025-11-07T11:02:03.487Z","method":"GET","url":"/styles/custom.css","ip":"::1"}
{"time":"2025-11-07T11:02:03.489Z","method":"GET","url":"/js/admin.js","ip":"::1"}
{"time":"2025-11-07T11:02:12.236Z","method":"GET","url":"/admin","ip":"::1"}
{"time":"2025-11-07T11:02:12.252Z","method":"GET","url":"/styles/custom.css","ip":"::1"}
{"time":"2025-11-07T11:02:12.252Z","method":"GET","url":"/js/admin.js","ip":"::1"}
{"time":"2025-11-07T11:03:43.209Z","method":"GET","url":"/admin","ip":"::1"}
{"time":"2025-11-07T11:03:43.253Z","method":"GET","url":"/styles/custom.css","ip":"::1"}
{"time":"2025-11-07T11:03:43.255Z","method":"GET","url":"/js/admin.js","ip":"::1"}
{"time":"2025-11-07T11:11:12.247Z","method":"GET","url":"/admin","ip":"::1"}
{"time":"2025-11-07T11:11:12.284Z","method":"GET","url":"/styles/custom.css","ip":"::1"}
{"time":"2025-11-07T11:11:12.286Z","method":"GET","url":"/js/admin.js","ip":"::1"}
{"time":"2025-11-07T11:11:45.495Z","method":"GET","url":"/admin","ip":"::1"}
{"time":"2025-11-07T11:11:45.511Z","method":"GET","url":"/styles/custom.css","ip":"::1"}
{"time":"2025-11-07T11:11:45.512Z","method":"GET","url":"/js/admin.js","ip":"::1"}
{"time":"2025-11-07T11:13:56.037Z","method":"GET","url":"/admin","ip":"::1"}
{"time":"2025-11-07T11:13:56.059Z","method":"GET","url":"/styles/custom.css","ip":"::1"}
{"time":"2025-11-07T11:13:56.060Z","method":"GET","url":"/js/admin.js","ip":"::1"}
{"time":"2025-11-07T11:16:33.263Z","method":"GET","url":"/admin","ip":"::1"}
{"time":"2025-11-07T11:16:33.307Z","method":"GET","url":"/styles/custom.css","ip":"::1"}
{"time":"2025-11-07T11:16:33.309Z","method":"GET","url":"/js/admin.js","ip":"::1"}
{"time":"2025-11-07T11:19:37.211Z","method":"GET","url":"/admin","ip":"::1"}
{"time":"2025-11-07T11:19:37.258Z","method":"GET","url":"/styles/custom.css","ip":"::1"}
{"time":"2025-11-07T11:19:37.262Z","method":"GET","url":"/js/admin.js","ip":"::1"}
{"time":"2025-11-07T11:21:10.573Z","method":"GET","url":"/admin","ip":"::1"}
{"time":"2025-11-07T11:21:10.595Z","method":"GET","url":"/styles/custom.css","ip":"::1"}
{"time":"2025-11-07T11:21:10.596Z","method":"GET","url":"/js/admin.js","ip":"::1"}
{"time":"2025-11-07T11:21:11.599Z","method":"GET","url":"/admin","ip":"::1"}
{"time":"2025-11-07T11:21:11.621Z","method":"GET","url":"/styles/custom.css","ip":"::1"}
{"time":"2025-11-07T11:21:11.622Z","method":"GET","url":"/js/admin.js","ip":"::1"}
{"time":"2025-11-07T11:22:01.090Z","method":"GET","url":"/admin","ip":"::1"}
{"time":"2025-11-07T11:22:01.113Z","method":"GET","url":"/styles/custom.css","ip":"::1"}
{"time":"2025-11-07T11:22:01.113Z","method":"GET","url":"/js/admin.js","ip":"::1"}
{"time":"2025-11-07T11:22:02.890Z","method":"GET","url":"/admin","ip":"::1"}
{"time":"2025-11-07T11:22:02.904Z","method":"GET","url":"/styles/custom.css","ip":"::1"}
{"time":"2025-11-07T11:22:02.904Z","method":"GET","url":"/js/admin.js","ip":"::1"}
{"time":"2025-11-07T11:25:11.957Z","method":"GET","url":"/admin","ip":"::1"}
{"time":"2025-11-07T11:25:11.972Z","method":"GET","url":"/styles/custom.css","ip":"::1"}
{"time":"2025-11-07T11:25:11.975Z","method":"GET","url":"/js/admin.js","ip":"::1"}
{"time":"2025-11-07T11:25:13.583Z","method":"GET","url":"/admin","ip":"::1"}
{"time":"2025-11-07T11:25:13.600Z","method":"GET","url":"/js/admin.js","ip":"::1"}
{"time":"2025-11-07T11:25:13.600Z","method":"GET","url":"/styles/custom.css","ip":"::1"}
{"time":"2025-11-07T11:33:46.060Z","method":"GET","url":"/admin","ip":"::1"}
{"time":"2025-11-07T11:33:46.107Z","method":"GET","url":"/styles/custom.css","ip":"::1"}
{"time":"2025-11-07T11:33:46.109Z","method":"GET","url":"/js/admin.js","ip":"::1"}
{"time":"2025-11-07T11:34:39.276Z","method":"GET","url":"/admin","ip":"::1"}
{"time":"2025-11-07T11:34:39.289Z","method":"GET","url":"/styles/custom.css","ip":"::1"}
{"time":"2025-11-07T11:34:39.290Z","method":"GET","url":"/js/admin.js","ip":"::1"}
{"time":"2025-11-07T11:38:22.181Z","method":"GET","url":"/admin","ip":"::1"}
{"time":"2025-11-07T11:38:22.220Z","method":"GET","url":"/styles/custom.css","ip":"::1"}
{"time":"2025-11-07T11:38:22.223Z","method":"GET","url":"/js/admin.js","ip":"::1"}
{"time":"2025-11-07T11:38:23.971Z","method":"GET","url":"/colorful-umbrella.jpg","ip":"::1"}
{"time":"2025-11-07T11:40:54.637Z","method":"GET","url":"/admin","ip":"::1"}
{"time":"2025-11-07T11:40:54.670Z","method":"GET","url":"/styles/custom.css","ip":"::1"}
{"time":"2025-11-07T11:40:54.671Z","method":"GET","url":"/js/admin.js","ip":"::1"}
{"time":"2025-11-07T11:40:57.085Z","method":"GET","url":"/colorful-umbrella.jpg","ip":"::1"}
{"time":"2025-11-07T11:46:24.911Z","method":"GET","url":"/admin","ip":"::1"}
{"time":"2025-11-07T11:46:24.952Z","method":"GET","url":"/styles/custom.css","ip":"::1"}
{"time":"2025-11-07T11:46:24.955Z","method":"GET","url":"/js/admin.js","ip":"::1"}
{"time":"2025-11-07T11:46:27.410Z","method":"GET","url":"/colorful-umbrella.jpg","ip":"::1"}
{"time":"2025-11-07T11:48:25.809Z","method":"GET","url":"/admin","ip":"::1"}
{"time":"2025-11-07T11:48:25.844Z","method":"GET","url":"/styles/custom.css","ip":"::1"}
{"time":"2025-11-07T11:48:25.846Z","method":"GET","url":"/js/admin.js","ip":"::1"}
{"time":"2025-11-07T11:48:27.899Z","method":"GET","url":"/colorful-umbrella.jpg","ip":"::1"}
{"time":"2025-11-07T11:49:32.854Z","method":"GET","url":"/admin","ip":"::1"}
{"time":"2025-11-07T11:49:32.883Z","method":"GET","url":"/styles/custom.css","ip":"::1"}
{"time":"2025-11-07T11:49:32.885Z","method":"GET","url":"/js/admin.js","ip":"::1"}
{"time":"2025-11-07T11:49:35.036Z","method":"GET","url":"/colorful-umbrella.jpg","ip":"::1"}
{"time":"2025-11-07T11:50:37.518Z","method":"GET","url":"/admin","ip":"::1"}
{"time":"2025-11-07T11:50:37.559Z","method":"GET","url":"/styles/custom.css","ip":"::1"}
{"time":"2025-11-07T11:50:37.561Z","method":"GET","url":"/js/admin.js","ip":"::1"}
{"time":"2025-11-07T11:50:39.075Z","method":"GET","url":"/colorful-umbrella.jpg","ip":"::1"}
{"time":"2025-11-07T11:51:57.933Z","method":"GET","url":"/admin","ip":"::1"}
{"time":"2025-11-07T11:51:57.967Z","method":"GET","url":"/styles/custom.css","ip":"::1"}
{"time":"2025-11-07T11:51:57.969Z","method":"GET","url":"/js/admin.js","ip":"::1"}
{"time":"2025-11-07T11:51:59.217Z","method":"GET","url":"/colorful-umbrella.jpg","ip":"::1"}
{"time":"2025-11-07T11:53:35.610Z","method":"GET","url":"/admin","ip":"::1"}
{"time":"2025-11-07T11:53:35.649Z","method":"GET","url":"/styles/custom.css","ip":"::1"}
{"time":"2025-11-07T11:53:35.652Z","method":"GET","url":"/js/admin.js","ip":"::1"}
{"time":"2025-11-07T11:56:42.808Z","method":"GET","url":"/admin","ip":"::1"}
{"time":"2025-11-07T11:56:42.845Z","method":"GET","url":"/styles/custom.css","ip":"::1"}
{"time":"2025-11-07T11:56:42.849Z","method":"GET","url":"/js/admin.js","ip":"::1"}
{"time":"2025-11-07T11:58:40.089Z","method":"GET","url":"/admin","ip":"::1"}
{"time":"2025-11-07T11:58:40.130Z","method":"GET","url":"/styles/custom.css","ip":"::1"}
{"time":"2025-11-07T11:58:40.132Z","method":"GET","url":"/js/admin.js","ip":"::1"}
{"time":"2025-11-07T12:00:03.366Z","method":"GET","url":"/admin","ip":"::1"}
{"time":"2025-11-07T12:00:03.405Z","method":"GET","url":"/styles/custom.css","ip":"::1"}
{"time":"2025-11-07T12:00:03.406Z","method":"GET","url":"/js/admin.js","ip":"::1"}
{"time":"2025-11-07T12:03:38.611Z","method":"GET","url":"/admin","ip":"::1"}
{"time":"2025-11-07T12:03:38.644Z","method":"GET","url":"/styles/custom.css","ip":"::1"}
{"time":"2025-11-07T12:03:38.646Z","method":"GET","url":"/js/admin.js","ip":"::1"}
{"time":"2025-11-07T12:06:43.836Z","method":"GET","url":"/admin","ip":"::1"}
{"time":"2025-11-07T12:06:43.871Z","method":"GET","url":"/styles/custom.css","ip":"::1"}
{"time":"2025-11-07T12:06:43.875Z","method":"GET","url":"/js/admin.js","ip":"::1"}
{"time":"2025-11-07T12:10:51.131Z","method":"GET","url":"/admin","ip":"::1"}
{"time":"2025-11-07T12:10:51.174Z","method":"GET","url":"/styles/custom.css","ip":"::1"}
{"time":"2025-11-07T12:10:51.178Z","method":"GET","url":"/js/admin.js","ip":"::1"}
{"time":"2025-11-07T12:25:45.972Z","method":"GET","url":"/admin","ip":"::1"}
{"time":"2025-11-07T12:25:46.007Z","method":"GET","url":"/styles/custom.css","ip":"::1"}
{"time":"2025-11-07T12:25:46.011Z","method":"GET","url":"/js/admin.js","ip":"::1"}
{"time":"2025-11-07T12:25:49.545Z","method":"POST","url":"/admin/post/1c1e2409-dbb0-496d-aa43-f0a80aa0c375/status","ip":"::1"}
{"time":"2025-11-07T12:25:55.509Z","method":"POST","url":"/admin/post/443f8404-7544-4d29-90e1-9b224dc1fc17/status","ip":"::1"}
{"time":"2025-11-07T12:26:37.970Z","method":"GET","url":"/admin","ip":"::1"}
{"time":"2025-11-07T12:26:38.018Z","method":"GET","url":"/styles/custom.css","ip":"::1"}
{"time":"2025-11-07T12:26:38.021Z","method":"GET","url":"/js/admin.js","ip":"::1"}
{"time":"2025-11-07T12:26:41.048Z","method":"POST","url":"/admin/post/1c1e2409-dbb0-496d-aa43-f0a80aa0c375/status","ip":"::1"}
{"time":"2025-11-07T12:28:29.640Z","method":"GET","url":"/admin","ip":"::1"}
{"time":"2025-11-07T12:28:29.672Z","method":"GET","url":"/styles/custom.css","ip":"::1"}
{"time":"2025-11-07T12:28:29.674Z","method":"GET","url":"/js/admin.js","ip":"::1"}
{"time":"2025-11-07T12:28:32.689Z","method":"POST","url":"/admin/post/1c1e2409-dbb0-496d-aa43-f0a80aa0c375/status","ip":"::1"}
{"time":"2025-11-07T12:28:39.077Z","method":"POST","url":"/admin/post/443f8404-7544-4d29-90e1-9b224dc1fc17/status","ip":"::1"}
{"time":"2025-11-07T12:28:42.115Z","method":"GET","url":"/admin","ip":"::1"}
{"time":"2025-11-07T12:28:42.138Z","method":"GET","url":"/styles/custom.css","ip":"::1"}
{"time":"2025-11-07T12:28:42.139Z","method":"GET","url":"/js/admin.js","ip":"::1"}
{"time":"2025-11-07T12:28:48.268Z","method":"POST","url":"/admin/post/bad208da-9075-45e8-9af8-00106a1f91c3/status","ip":"::1"}
{"time":"2025-11-07T12:28:49.240Z","method":"GET","url":"/admin","ip":"::1"}
{"time":"2025-11-07T12:28:49.264Z","method":"GET","url":"/styles/custom.css","ip":"::1"}
{"time":"2025-11-07T12:28:49.265Z","method":"GET","url":"/js/admin.js","ip":"::1"}
{"time":"2025-11-07T12:34:02.985Z","method":"GET","url":"/admin","ip":"::1"}
{"time":"2025-11-07T12:34:03.040Z","method":"GET","url":"/styles/custom.css","ip":"::1"}
{"time":"2025-11-07T12:34:03.047Z","method":"GET","url":"/js/admin.js","ip":"::1"}
{"time":"2025-11-07T12:34:06.277Z","method":"POST","url":"/admin/post/1c1e2409-dbb0-496d-aa43-f0a80aa0c375/status","ip":"::1"}
{"time":"2025-11-07T12:34:08.491Z","method":"POST","url":"/admin/post/443f8404-7544-4d29-90e1-9b224dc1fc17/status","ip":"::1"}
{"time":"2025-11-07T12:34:10.201Z","method":"POST","url":"/admin/post/bad208da-9075-45e8-9af8-00106a1f91c3/status","ip":"::1"}
{"time":"2025-11-07T12:36:35.955Z","method":"GET","url":"/admin","ip":"::1"}
{"time":"2025-11-07T12:36:35.996Z","method":"GET","url":"/styles/custom.css","ip":"::1"}
{"time":"2025-11-07T12:36:35.999Z","method":"GET","url":"/js/admin.js","ip":"::1"}
{"time":"2025-11-07T12:36:41.089Z","method":"POST","url":"/admin/post/1c1e2409-dbb0-496d-aa43-f0a80aa0c375/status","ip":"::1"}
{"time":"2025-11-07T12:38:36.375Z","method":"GET","url":"/admin","ip":"::1"}
{"time":"2025-11-07T12:38:36.419Z","method":"GET","url":"/styles/custom.css","ip":"::1"}
{"time":"2025-11-07T12:38:36.423Z","method":"GET","url":"/js/admin.js","ip":"::1"}
{"time":"2025-11-07T12:42:47.108Z","method":"GET","url":"/admin","ip":"::1"}
{"time":"2025-11-07T12:42:47.144Z","method":"GET","url":"/styles/custom.css","ip":"::1"}
{"time":"2025-11-07T12:42:47.147Z","method":"GET","url":"/js/admin.js","ip":"::1"}
{"time":"2025-11-07T12:42:51.648Z","method":"POST","url":"/admin/post/1c1e2409-dbb0-496d-aa43-f0a80aa0c375/status","ip":"::1"}
{"time":"2025-11-07T12:42:53.565Z","method":"GET","url":"/admin","ip":"::1"}
{"time":"2025-11-07T12:42:53.582Z","method":"GET","url":"/styles/custom.css","ip":"::1"}
{"time":"2025-11-07T12:42:53.582Z","method":"GET","url":"/js/admin.js","ip":"::1"}
{"time":"2025-11-07T12:42:58.268Z","method":"POST","url":"/admin/post/443f8404-7544-4d29-90e1-9b224dc1fc17/status","ip":"::1"}
{"time":"2025-11-07T12:42:59.942Z","method":"GET","url":"/admin","ip":"::1"}
{"time":"2025-11-07T12:42:59.959Z","method":"GET","url":"/styles/custom.css","ip":"::1"}
{"time":"2025-11-07T12:42:59.959Z","method":"GET","url":"/js/admin.js","ip":"::1"}
{"time":"2025-11-07T12:50:50.233Z","method":"GET","url":"/admin","ip":"::1"}
{"time":"2025-11-07T12:50:50.275Z","method":"GET","url":"/styles/custom.css","ip":"::1"}
{"time":"2025-11-07T12:50:50.278Z","method":"GET","url":"/js/admin.js","ip":"::1"}
{"time":"2025-11-07T12:50:54.776Z","method":"POST","url":"/admin/post/1c1e2409-dbb0-496d-aa43-f0a80aa0c375/status","ip":"::1"}
{"time":"2025-11-07T12:50:58.062Z","method":"GET","url":"/admin","ip":"::1"}
{"time":"2025-11-07T12:50:58.083Z","method":"GET","url":"/styles/custom.css","ip":"::1"}
{"time":"2025-11-07T12:50:58.084Z","method":"GET","url":"/js/admin.js","ip":"::1"}
{"time":"2025-11-07T12:51:02.285Z","method":"POST","url":"/admin/post/1c1e2409-dbb0-496d-aa43-f0a80aa0c375/status","ip":"::1"}
{"time":"2025-11-07T12:51:04.846Z","method":"GET","url":"/admin","ip":"::1"}
{"time":"2025-11-07T12:51:04.863Z","method":"GET","url":"/styles/custom.css","ip":"::1"}
{"time":"2025-11-07T12:51:04.864Z","method":"GET","url":"/js/admin.js","ip":"::1"}
{"time":"2025-11-07T12:56:24.293Z","method":"GET","url":"/admin","ip":"::1"}
{"time":"2025-11-07T12:56:24.319Z","method":"GET","url":"/styles/custom.css","ip":"::1"}
{"time":"2025-11-07T12:56:24.322Z","method":"GET","url":"/js/admin.js","ip":"::1"}
{"time":"2025-11-07T12:56:28.566Z","method":"DELETE","url":"/admin/post/1c1e2409-dbb0-496d-aa43-f0a80aa0c375","ip":"::1"}
{"time":"2025-11-07T12:56:31.070Z","method":"GET","url":"/admin","ip":"::1"}
{"time":"2025-11-07T12:56:31.088Z","method":"GET","url":"/styles/custom.css","ip":"::1"}
{"time":"2025-11-07T12:56:31.089Z","method":"GET","url":"/js/admin.js","ip":"::1"}
{"time":"2025-11-07T12:59:49.909Z","method":"GET","url":"/admin","ip":"::1"}
{"time":"2025-11-07T12:59:49.942Z","method":"GET","url":"/styles/custom.css","ip":"::1"}
{"time":"2025-11-07T12:59:49.942Z","method":"GET","url":"/js/admin.js","ip":"::1"}
{"time":"2025-11-07T13:00:09.390Z","method":"GET","url":"/admin","ip":"::1"}
{"time":"2025-11-07T13:00:10.829Z","method":"GET","url":"/admin","ip":"::1"}
{"time":"2025-11-07T13:00:25.750Z","method":"GET","url":"/admin","ip":"::1"}
{"time":"2025-11-07T13:00:25.798Z","method":"GET","url":"/styles/custom.css","ip":"::1"}
{"time":"2025-11-07T13:00:25.800Z","method":"GET","url":"/js/admin.js","ip":"::1"}
{"time":"2025-11-07T13:00:29.249Z","method":"POST","url":"/admin/post/3b1c75b6-48ec-44cf-a464-7f54f2d8ff9c/status","ip":"::1"}
{"time":"2025-11-07T13:00:31.104Z","method":"POST","url":"/admin/post/5c634243-c334-472a-a059-c2e278c996a3/status","ip":"::1"}
{"time":"2025-11-07T13:00:36.403Z","method":"POST","url":"/admin/post/412153e7-5fa1-431d-9d76-be3bef9b9cb4/status","ip":"::1"}
{"time":"2025-11-07T13:05:15.931Z","method":"GET","url":"/admin","ip":"::1"}
{"time":"2025-11-07T13:05:15.946Z","method":"GET","url":"/styles/custom.css","ip":"::1"}
{"time":"2025-11-07T13:05:15.949Z","method":"GET","url":"/js/admin.js","ip":"::1"}
{"time":"2025-11-07T13:05:18.892Z","method":"GET","url":"/admin","ip":"::1"}
{"time":"2025-11-07T13:05:18.908Z","method":"GET","url":"/js/admin.js","ip":"::1"}
{"time":"2025-11-07T13:05:18.908Z","method":"GET","url":"/styles/custom.css","ip":"::1"}
{"time":"2025-11-07T13:05:21.322Z","method":"POST","url":"/admin/post/3b1c75b6-48ec-44cf-a464-7f54f2d8ff9c/status","ip":"::1"}
{"time":"2025-11-07T13:05:25.293Z","method":"GET","url":"/admin","ip":"::1"}
{"time":"2025-11-07T13:05:25.306Z","method":"GET","url":"/styles/custom.css","ip":"::1"}
{"time":"2025-11-07T13:05:25.306Z","method":"GET","url":"/js/admin.js","ip":"::1"}
{"time":"2025-11-07T13:05:28.486Z","method":"POST","url":"/admin/post/3b1c75b6-48ec-44cf-a464-7f54f2d8ff9c/status","ip":"::1"}
{"time":"2025-11-07T13:05:33.684Z","method":"GET","url":"/admin","ip":"::1"}
{"time":"2025-11-07T13:05:33.705Z","method":"GET","url":"/styles/custom.css","ip":"::1"}
{"time":"2025-11-07T13:05:33.705Z","method":"GET","url":"/js/admin.js","ip":"::1"}
{"time":"2025-11-07T13:05:37.030Z","method":"POST","url":"/admin/post/3b1c75b6-48ec-44cf-a464-7f54f2d8ff9c/status","ip":"::1"}
{"time":"2025-11-07T13:08:56.860Z","method":"GET","url":"/admin","ip":"::1"}
{"time":"2025-11-07T13:08:56.885Z","method":"GET","url":"/styles/custom.css","ip":"::1"}
{"time":"2025-11-07T13:08:56.893Z","method":"GET","url":"/js/admin.js","ip":"::1"}
{"time":"2025-11-07T13:08:59.447Z","method":"POST","url":"/admin/post/3b1c75b6-48ec-44cf-a464-7f54f2d8ff9c/status","ip":"::1"}
{"time":"2025-11-07T13:09:04.034Z","method":"POST","url":"/admin/post/3b1c75b6-48ec-44cf-a464-7f54f2d8ff9c/status","ip":"::1"}
{"time":"2025-11-07T13:09:06.133Z","method":"GET","url":"/admin","ip":"::1"}
{"time":"2025-11-07T13:09:06.152Z","method":"GET","url":"/styles/custom.css","ip":"::1"}
{"time":"2025-11-07T13:09:06.153Z","method":"GET","url":"/js/admin.js","ip":"::1"}
{"time":"2025-11-07T13:09:08.489Z","method":"POST","url":"/admin/post/3b1c75b6-48ec-44cf-a464-7f54f2d8ff9c/status","ip":"::1"}
{"time":"2025-11-07T13:09:11.704Z","method":"POST","url":"/admin/post/3b1c75b6-48ec-44cf-a464-7f54f2d8ff9c/status","ip":"::1"}
{"time":"2025-11-07T13:17:26.052Z","method":"GET","url":"/admin","ip":"::1"}
{"time":"2025-11-07T13:17:26.076Z","method":"GET","url":"/styles/custom.css","ip":"::1"}
{"time":"2025-11-07T13:17:26.080Z","method":"GET","url":"/js/admin.js","ip":"::1"}
{"time":"2025-11-07T13:17:31.185Z","method":"POST","url":"/admin/post/3b1c75b6-48ec-44cf-a464-7f54f2d8ff9c/status","ip":"::1"}
{"time":"2025-11-07T13:17:34.003Z","method":"GET","url":"/admin","ip":"::1"}
{"time":"2025-11-07T13:17:34.029Z","method":"GET","url":"/styles/custom.css","ip":"::1"}
{"time":"2025-11-07T13:17:34.029Z","method":"GET","url":"/js/admin.js","ip":"::1"}
{"time":"2025-11-07T13:17:36.512Z","method":"POST","url":"/admin/post/3b1c75b6-48ec-44cf-a464-7f54f2d8ff9c/status","ip":"::1"}
{"time":"2025-11-07T13:17:42.425Z","method":"POST","url":"/admin/post/3b1c75b6-48ec-44cf-a464-7f54f2d8ff9c/status","ip":"::1"}
{"time":"2025-11-07T13:18:54.322Z","method":"POST","url":"/admin/post/3b1c75b6-48ec-44cf-a464-7f54f2d8ff9c/status","ip":"::1"}
{"time":"2025-11-07T13:19:19.042Z","method":"POST","url":"/admin/post/3b1c75b6-48ec-44cf-a464-7f54f2d8ff9c/status","ip":"::1"}
{"time":"2025-11-07T13:28:58.449Z","method":"GET","url":"/admin","ip":"::1"}
{"time":"2025-11-07T13:28:58.475Z","method":"GET","url":"/styles/custom.css","ip":"::1"}
{"time":"2025-11-07T13:28:58.479Z","method":"GET","url":"/js/admin.js","ip":"::1"}
{"time":"2025-11-07T13:29:00.801Z","method":"POST","url":"/admin/post/3b1c75b6-48ec-44cf-a464-7f54f2d8ff9c/status","ip":"::1"}
{"time":"2025-11-07T13:29:04.570Z","method":"POST","url":"/admin/post/3b1c75b6-48ec-44cf-a464-7f54f2d8ff9c/status","ip":"::1"}
{"time":"2025-11-07T13:33:36.419Z","method":"GET","url":"/admin","ip":"::1"}
{"time":"2025-11-07T13:33:36.434Z","method":"GET","url":"/styles/custom.css","ip":"::1"}
{"time":"2025-11-07T13:33:36.437Z","method":"GET","url":"/js/admin.js","ip":"::1"}
{"time":"2025-11-07T13:33:39.333Z","method":"POST","url":"/admin/post/3b1c75b6-48ec-44cf-a464-7f54f2d8ff9c/status","ip":"::1"}
{"time":"2025-11-07T13:33:41.110Z","method":"POST","url":"/admin/post/3b1c75b6-48ec-44cf-a464-7f54f2d8ff9c/status","ip":"::1"}
{"time":"2025-11-07T13:33:44.991Z","method":"POST","url":"/admin/post/3b1c75b6-48ec-44cf-a464-7f54f2d8ff9c/status","ip":"::1"}
{"time":"2025-11-07T13:33:47.084Z","method":"POST","url":"/admin/post/3b1c75b6-48ec-44cf-a464-7f54f2d8ff9c/status","ip":"::1"}
{"time":"2025-11-07T13:33:52.915Z","method":"POST","url":"/admin/post/3b1c75b6-48ec-44cf-a464-7f54f2d8ff9c/status","ip":"::1"}
{"time":"2025-11-07T13:33:57.052Z","method":"POST","url":"/admin/post/3b1c75b6-48ec-44cf-a464-7f54f2d8ff9c/status","ip":"::1"}
{"time":"2025-11-07T13:34:01.178Z","method":"POST","url":"/admin/post/3b1c75b6-48ec-44cf-a464-7f54f2d8ff9c/status","ip":"::1"}
{"time":"2025-11-07T13:34:04.826Z","method":"POST","url":"/admin/post/3b1c75b6-48ec-44cf-a464-7f54f2d8ff9c/status","ip":"::1"}
{"time":"2025-11-07T13:40:26.735Z","method":"GET","url":"/admin","ip":"::1"}
{"time":"2025-11-07T13:40:26.753Z","method":"GET","url":"/styles/custom.css","ip":"::1"}
{"time":"2025-11-07T13:40:26.756Z","method":"GET","url":"/js/admin.js","ip":"::1"}
{"time":"2025-11-07T13:40:29.600Z","method":"POST","url":"/admin/post/3b1c75b6-48ec-44cf-a464-7f54f2d8ff9c/status","ip":"::1"}
{"time":"2025-11-07T13:40:33.179Z","method":"POST","url":"/admin/post/3b1c75b6-48ec-44cf-a464-7f54f2d8ff9c/status","ip":"::1"}
{"time":"2025-11-07T13:40:35.080Z","method":"POST","url":"/admin/post/3b1c75b6-48ec-44cf-a464-7f54f2d8ff9c/status","ip":"::1"}
{"time":"2025-11-07T13:40:39.015Z","method":"GET","url":"/admin","ip":"::1"}
{"time":"2025-11-07T13:40:39.035Z","method":"GET","url":"/styles/custom.css","ip":"::1"}
{"time":"2025-11-07T13:40:39.035Z","method":"GET","url":"/js/admin.js","ip":"::1"}
{"time":"2025-11-07T13:42:33.188Z","method":"GET","url":"/admin","ip":"::1"}
{"time":"2025-11-07T13:42:33.204Z","method":"GET","url":"/styles/custom.css","ip":"::1"}
{"time":"2025-11-07T13:42:33.206Z","method":"GET","url":"/js/admin.js","ip":"::1"}
{"time":"2025-11-07T13:42:35.714Z","method":"POST","url":"/admin/post/3b1c75b6-48ec-44cf-a464-7f54f2d8ff9c/status","ip":"::1"}
{"time":"2025-11-07T13:42:38.532Z","method":"POST","url":"/admin/post/3b1c75b6-48ec-44cf-a464-7f54f2d8ff9c/status","ip":"::1"}
{"time":"2025-11-07T13:43:30.446Z","method":"GET","url":"/admin","ip":"::1"}
{"time":"2025-11-07T13:43:30.481Z","method":"GET","url":"/styles/custom.css","ip":"::1"}
{"time":"2025-11-07T13:43:30.483Z","method":"GET","url":"/js/admin.js","ip":"::1"}
{"time":"2025-11-07T13:43:33.302Z","method":"POST","url":"/admin/post/5c634243-c334-472a-a059-c2e278c996a3/status","ip":"::1"}
{"time":"2025-11-07T14:16:39.517Z","method":"POST","url":"/admin/post/3b1c75b6-48ec-44cf-a464-7f54f2d8ff9c/status","ip":"::1"}
{"time":"2025-11-07T14:39:56.915Z","method":"GET","url":"/admin","ip":"::1"}
{"time":"2025-11-07T14:39:56.941Z","method":"GET","url":"/styles/custom.css","ip":"::1"}
{"time":"2025-11-07T14:39:56.944Z","method":"GET","url":"/js/admin.js","ip":"::1"}
{"time":"2025-11-07T14:40:11.018Z","method":"GET","url":"/admin","ip":"::1"}
{"time":"2025-11-07T14:40:11.047Z","method":"GET","url":"/styles/custom.css","ip":"::1"}
{"time":"2025-11-07T14:40:11.050Z","method":"GET","url":"/js/admin.js","ip":"::1"}
{"time":"2025-11-07T14:42:10.903Z","method":"GET","url":"/admin","ip":"::1"}
{"time":"2025-11-07T14:42:10.936Z","method":"GET","url":"/styles/custom.css","ip":"::1"}
{"time":"2025-11-07T14:42:10.939Z","method":"GET","url":"/js/admin.js","ip":"::1"}
{"time":"2025-11-07T14:43:06.754Z","method":"POST","url":"/admin/post","ip":"::1"}
{"time":"2025-11-07T14:43:06.787Z","method":"GET","url":"/admin","ip":"::1"}
{"time":"2025-11-07T14:43:06.798Z","method":"GET","url":"/styles/custom.css","ip":"::1"}
{"time":"2025-11-07T14:43:06.799Z","method":"GET","url":"/js/admin.js","ip":"::1"}
{"time":"2025-11-07T14:43:09.835Z","method":"GET","url":"/admin","ip":"::1"}
{"time":"2025-11-07T14:43:09.862Z","method":"GET","url":"/styles/custom.css","ip":"::1"}
{"time":"2025-11-07T14:43:09.862Z","method":"GET","url":"/js/admin.js","ip":"::1"}
{"time":"2025-11-07T14:45:08.525Z","method":"GET","url":"/admin","ip":"::1"}
{"time":"2025-11-07T14:45:08.561Z","method":"GET","url":"/styles/custom.css","ip":"::1"}
{"time":"2025-11-07T14:45:08.564Z","method":"GET","url":"/js/admin.js","ip":"::1"}
{"time":"2025-11-07T14:51:58.623Z","method":"GET","url":"/admin","ip":"::1"}
{"time":"2025-11-07T14:51:58.663Z","method":"GET","url":"/styles/custom.css","ip":"::1"}
{"time":"2025-11-07T14:51:58.666Z","method":"GET","url":"/js/admin.js","ip":"::1"}
{"time":"2025-11-07T14:52:10.726Z","method":"POST","url":"/admin/post","ip":"::1"}
{"time":"2025-11-07T14:52:10.766Z","method":"GET","url":"/admin","ip":"::1"}
{"time":"2025-11-07T14:52:10.782Z","method":"GET","url":"/styles/custom.css","ip":"::1"}
{"time":"2025-11-07T14:52:10.790Z","method":"GET","url":"/js/admin.js","ip":"::1"}
{"time":"2025-11-07T14:52:14.272Z","method":"POST","url":"/admin/post/521c8152-e870-49e3-abfc-73b9381812f8/status","ip":"::1"}
{"time":"2025-11-07T14:55:44.259Z","method":"POST","url":"/admin/post","ip":"::1"}
{"time":"2025-11-07T14:55:44.291Z","method":"GET","url":"/admin","ip":"::1"}
{"time":"2025-11-07T14:55:44.314Z","method":"GET","url":"/styles/custom.css","ip":"::1"}
{"time":"2025-11-07T14:55:44.317Z","method":"GET","url":"/js/admin.js","ip":"::1"}
